0 info it worked if it ends with ok
1 verbose cli [ '/home/smoothpie/.nvm/versions/node/v6.11.3/bin/node',
1 verbose cli   '/home/smoothpie/.nvm/versions/node/v6.11.3/bin/npm',
1 verbose cli   'run',
1 verbose cli   'build' ]
2 info using npm@3.10.10
3 info using node@v6.11.3
4 verbose run-script [ 'prebuild', 'build', 'postbuild' ]
5 info lifecycle CV@0.0.1~prebuild: CV@0.0.1
6 silly lifecycle CV@0.0.1~prebuild: no script for prebuild, continuing
7 info lifecycle CV@0.0.1~build: CV@0.0.1
8 verbose lifecycle CV@0.0.1~build: unsafe-perm in lifecycle true
9 verbose lifecycle CV@0.0.1~build: PATH: /home/smoothpie/.nvm/versions/node/v6.11.3/lib/node_modules/npm/bin/node-gyp-bin:/home/smoothpie/prog/me/node_modules/.bin:/home/smoothpie/Downloads/google-cloud-sdk/bin:/home/smoothpie/.nvm/versions/node/v6.11.3/bin:/home/smoothpie/bin:/home/smoothpie/.local/bin:/usr/local/sbin:/usr/local/bin:/usr/sbin:/usr/bin:/sbin:/bin:/usr/games:/usr/local/games:/snap/bin:/usr/local/go/bin:/home/smoothpie/go/bin:~/.local/bin
10 verbose lifecycle CV@0.0.1~build: CWD: /home/smoothpie/prog/me
11 silly lifecycle CV@0.0.1~build: Args: [ '-c', 'webpack' ]
12 silly lifecycle CV@0.0.1~build: Returned: code: 1  signal: null
13 info lifecycle CV@0.0.1~build: Failed to exec build script
14 verbose stack Error: CV@0.0.1 build: `webpack`
14 verbose stack Exit status 1
14 verbose stack     at EventEmitter.<anonymous> (/home/smoothpie/.nvm/versions/node/v6.11.3/lib/node_modules/npm/lib/utils/lifecycle.js:255:16)
14 verbose stack     at emitTwo (events.js:106:13)
14 verbose stack     at EventEmitter.emit (events.js:191:7)
14 verbose stack     at ChildProcess.<anonymous> (/home/smoothpie/.nvm/versions/node/v6.11.3/lib/node_modules/npm/lib/utils/spawn.js:40:14)
14 verbose stack     at emitTwo (events.js:106:13)
14 verbose stack     at ChildProcess.emit (events.js:191:7)
14 verbose stack     at maybeClose (internal/child_process.js:920:16)
14 verbose stack     at Process.ChildProcess._handle.onexit (internal/child_process.js:230:5)
15 verbose pkgid CV@0.0.1
16 verbose cwd /home/smoothpie/prog/me
17 error Linux 4.13.0-37-generic
18 error argv "/home/smoothpie/.nvm/versions/node/v6.11.3/bin/node" "/home/smoothpie/.nvm/versions/node/v6.11.3/bin/npm" "run" "build"
19 error node v6.11.3
20 error npm  v3.10.10
21 error code ELIFECYCLE
22 error CV@0.0.1 build: `webpack`
22 error Exit status 1
23 error Failed at the CV@0.0.1 build script 'webpack'.
23 error Make sure you have the latest version of node.js and npm installed.
23 error If you do, this is most likely a problem with the CV package,
23 error not with npm itself.
23 error Tell the author that this fails on your system:
23 error     webpack
23 error You can get information on how to open an issue for this project with:
23 error     npm bugs CV
23 error Or if that isn't available, you can get their info via:
23 error     npm owner ls CV
23 error There is likely additional logging output above.
24 verbose exit [ 1, true ]
